h:\downloads\csc8502 2021\csc8502 2021\3) texturing\x64\debug\vc142.pdb
h:\downloads\csc8502 2021\csc8502 2021\3) texturing\x64\debug\vc142.idb
h:\downloads\csc8502 2021\csc8502 2021\3) texturing\x64\debug\tutorial3.obj
h:\downloads\csc8502 2021\csc8502 2021\3) texturing\x64\debug\renderer.obj
h:\github\graphics\csc8502 2021\csc8502 2021\3) texturing\x64\debug\vc142.pdb
h:\github\graphics\csc8502 2021\csc8502 2021\3) texturing\x64\debug\vc142.idb
h:\github\graphics\csc8502 2021\csc8502 2021\3) texturing\x64\debug\tutorial3.obj
h:\github\graphics\csc8502 2021\csc8502 2021\3) texturing\x64\debug\renderer.obj
h:\downloads\csc8502 2021\csc8502 2021\x64\debug\tutorial 03 - texturing.exe
h:\downloads\csc8502 2021\csc8502 2021\x64\debug\tutorial 03 - texturing.ilk
h:\downloads\csc8502 2021\csc8502 2021\x64\debug\tutorial 03 - texturing.pdb
h:\github\graphics\csc8502 2021\csc8502 2021\x64\debug\tutorial 03 - texturing.exe
h:\github\graphics\csc8502 2021\csc8502 2021\x64\debug\tutorial 03 - texturing.ilk
h:\github\graphics\csc8502 2021\csc8502 2021\x64\debug\tutorial 03 - texturing.pdb
h:\github\graphics\csc8502 2021\csc8502 2021\3) texturing\x64\debug\nativecodeanalysis.read.1.tlog
h:\github\graphics\csc8502 2021\csc8502 2021\3) texturing\x64\debug\renderer.nativecodeanalysis.xml
h:\github\graphics\csc8502 2021\csc8502 2021\3) texturing\x64\debug\tutorial3.nativecodeanalysis.xml
h:\github\graphics\csc8502 2021\csc8502 2021\3) texturing\x64\debug\vc.nativecodeanalysis.all.xml
h:\github\graphics\csc8502 2021\csc8502 2021\3) texturing\x64\debug\tutorial.67a58e4e.tlog\cl.command.1.tlog
h:\github\graphics\csc8502 2021\csc8502 2021\3) texturing\x64\debug\tutorial.67a58e4e.tlog\cl.read.1.tlog
h:\github\graphics\csc8502 2021\csc8502 2021\3) texturing\x64\debug\tutorial.67a58e4e.tlog\cl.write.1.tlog
h:\github\graphics\csc8502 2021\csc8502 2021\3) texturing\x64\debug\tutorial.67a58e4e.tlog\link.command.1.tlog
h:\github\graphics\csc8502 2021\csc8502 2021\3) texturing\x64\debug\tutorial.67a58e4e.tlog\link.read.1.tlog
h:\github\graphics\csc8502 2021\csc8502 2021\3) texturing\x64\debug\tutorial.67a58e4e.tlog\link.write.1.tlog
