h:\github\graphics\csc8502 2021\csc8502 2021\8) index buffers\x64\debug\vc142.pdb
h:\github\graphics\csc8502 2021\csc8502 2021\8) index buffers\x64\debug\vc142.idb
h:\github\graphics\csc8502 2021\csc8502 2021\8) index buffers\x64\debug\tutorial8.obj
h:\github\graphics\csc8502 2021\csc8502 2021\8) index buffers\x64\debug\renderer.obj
c:\users\joemi\documents\github\graphics\csc8502 2021\csc8502 2021\8) index buffers\x64\debug\vc142.pdb
c:\users\joemi\documents\github\graphics\csc8502 2021\csc8502 2021\8) index buffers\x64\debug\vc142.idb
c:\users\joemi\documents\github\graphics\csc8502 2021\csc8502 2021\8) index buffers\x64\debug\tutorial8.obj
c:\users\joemi\documents\github\graphics\csc8502 2021\csc8502 2021\8) index buffers\x64\debug\renderer.obj
h:\github\graphics\csc8502 2021\csc8502 2021\x64\debug\tutorial 08 - index buffers.exe
h:\github\graphics\csc8502 2021\csc8502 2021\x64\debug\tutorial 08 - index buffers.ilk
h:\github\graphics\csc8502 2021\csc8502 2021\x64\debug\tutorial 08 - index buffers.pdb
c:\users\joemi\documents\github\graphics\csc8502 2021\csc8502 2021\x64\debug\tutorial 08 - index buffers.exe
c:\users\joemi\documents\github\graphics\csc8502 2021\csc8502 2021\8) index buffers\x64\debug\tutorial 08 - index buffers.ilk
c:\users\joemi\documents\github\graphics\csc8502 2021\csc8502 2021\x64\debug\tutorial 08 - index buffers.pdb
c:\users\joemi\documents\github\graphics\csc8502 2021\csc8502 2021\x64\debug\tutorial 08 - index buffers.ilk
c:\users\joemi\documents\github\graphics\csc8502 2021\csc8502 2021\8) index buffers\x64\debug\tutorial.5844d912.tlog\cl.command.1.tlog
c:\users\joemi\documents\github\graphics\csc8502 2021\csc8502 2021\8) index buffers\x64\debug\tutorial.5844d912.tlog\cl.read.1.tlog
c:\users\joemi\documents\github\graphics\csc8502 2021\csc8502 2021\8) index buffers\x64\debug\tutorial.5844d912.tlog\cl.write.1.tlog
c:\users\joemi\documents\github\graphics\csc8502 2021\csc8502 2021\8) index buffers\x64\debug\tutorial.5844d912.tlog\link.command.1.tlog
c:\users\joemi\documents\github\graphics\csc8502 2021\csc8502 2021\8) index buffers\x64\debug\tutorial.5844d912.tlog\link.delete.1.tlog
c:\users\joemi\documents\github\graphics\csc8502 2021\csc8502 2021\8) index buffers\x64\debug\tutorial.5844d912.tlog\link.read.1.tlog
c:\users\joemi\documents\github\graphics\csc8502 2021\csc8502 2021\8) index buffers\x64\debug\tutorial.5844d912.tlog\link.write.1.tlog
