h:\downloads\csc8502 2021\csc8502 2021\nclgl\x64\debug\nclgl.pdb
h:\downloads\csc8502 2021\csc8502 2021\nclgl\x64\debug\nclgl.idb
h:\downloads\csc8502 2021\csc8502 2021\nclgl\x64\debug\glad.obj
h:\downloads\csc8502 2021\csc8502 2021\nclgl\x64\debug\window.obj
h:\downloads\csc8502 2021\csc8502 2021\nclgl\x64\debug\shader.obj
h:\downloads\csc8502 2021\csc8502 2021\nclgl\x64\debug\quaternion.obj
h:\downloads\csc8502 2021\csc8502 2021\nclgl\x64\debug\oglrenderer.obj
h:\downloads\csc8502 2021\csc8502 2021\nclgl\x64\debug\mouse.obj
h:\downloads\csc8502 2021\csc8502 2021\nclgl\x64\debug\meshmaterial.obj
h:\downloads\csc8502 2021\csc8502 2021\nclgl\x64\debug\meshanimation.obj
h:\downloads\csc8502 2021\csc8502 2021\nclgl\x64\debug\mesh.obj
h:\downloads\csc8502 2021\csc8502 2021\nclgl\x64\debug\matrix4.obj
h:\downloads\csc8502 2021\csc8502 2021\nclgl\x64\debug\matrix3.obj
h:\downloads\csc8502 2021\csc8502 2021\nclgl\x64\debug\matrix2.obj
h:\downloads\csc8502 2021\csc8502 2021\nclgl\x64\debug\keyboard.obj
h:\downloads\csc8502 2021\csc8502 2021\nclgl\x64\debug\gametimer.obj
h:\downloads\csc8502 2021\csc8502 2021\nclgl\x64\debug\computeshader.obj
h:\downloads\csc8502 2021\csc8502 2021\nclgl\x64\debug\camera.obj
h:\github\graphics\csc8502 2021\csc8502 2021\nclgl\x64\debug\nclgl.pdb
h:\github\graphics\csc8502 2021\csc8502 2021\nclgl\x64\debug\nclgl.idb
h:\github\graphics\csc8502 2021\csc8502 2021\nclgl\x64\debug\glad.obj
h:\github\graphics\csc8502 2021\csc8502 2021\nclgl\x64\debug\window.obj
h:\github\graphics\csc8502 2021\csc8502 2021\nclgl\x64\debug\shader.obj
h:\github\graphics\csc8502 2021\csc8502 2021\nclgl\x64\debug\quaternion.obj
h:\github\graphics\csc8502 2021\csc8502 2021\nclgl\x64\debug\computeshader.obj
h:\github\graphics\csc8502 2021\csc8502 2021\nclgl\x64\debug\gametimer.obj
h:\github\graphics\csc8502 2021\csc8502 2021\nclgl\x64\debug\keyboard.obj
h:\github\graphics\csc8502 2021\csc8502 2021\nclgl\x64\debug\matrix2.obj
h:\github\graphics\csc8502 2021\csc8502 2021\nclgl\x64\debug\matrix3.obj
h:\github\graphics\csc8502 2021\csc8502 2021\nclgl\x64\debug\matrix4.obj
h:\github\graphics\csc8502 2021\csc8502 2021\nclgl\x64\debug\mesh.obj
h:\github\graphics\csc8502 2021\csc8502 2021\nclgl\x64\debug\meshanimation.obj
h:\github\graphics\csc8502 2021\csc8502 2021\nclgl\x64\debug\meshmaterial.obj
h:\github\graphics\csc8502 2021\csc8502 2021\nclgl\x64\debug\mouse.obj
h:\github\graphics\csc8502 2021\csc8502 2021\nclgl\x64\debug\oglrenderer.obj
h:\github\graphics\csc8502 2021\csc8502 2021\nclgl\x64\debug\camera.obj
h:\downloads\csc8502 2021\csc8502 2021\x64\debug\nclgl.lib
h:\github\graphics\csc8502 2021\csc8502 2021\x64\debug\nclgl.lib
h:\github\graphics\csc8502 2021\csc8502 2021\x64\debug\nclgl.pdb
h:\github\graphics\csc8502 2021\csc8502 2021\nclgl\x64\debug\nclgl.tlog\cl.command.1.tlog
h:\github\graphics\csc8502 2021\csc8502 2021\nclgl\x64\debug\nclgl.tlog\cl.read.1.tlog
h:\github\graphics\csc8502 2021\csc8502 2021\nclgl\x64\debug\nclgl.tlog\cl.write.1.tlog
h:\github\graphics\csc8502 2021\csc8502 2021\nclgl\x64\debug\nclgl.tlog\lib-link.read.1.tlog
h:\github\graphics\csc8502 2021\csc8502 2021\nclgl\x64\debug\nclgl.tlog\lib-link.write.1.tlog
h:\github\graphics\csc8502 2021\csc8502 2021\nclgl\x64\debug\nclgl.tlog\lib.command.1.tlog
